<?xml version="1.0" encoding="UTF-8"?>
<!-- Generated by org.testng.reporters.JUnitReportReporter -->
<testsuite skipped="0" hostname="DESKTOP-4BNN8P3" name="SDETExercise.testcases" tests="2" failures="0" timestamp="2020-07-05T12:43:35 IST" time="33.633" errors="0">
  <testcase name="validateDiscountPrice" time="17.125" classname="SDETExercise.testcases"/>
  <system-out/>
  <testcase name="addProductToCart" time="16.508" classname="SDETExercise.testcases"/>
  <system-out/>
</testsuite> <!-- SDETExercise.testcases -->
