<?xml version="1.0" encoding="UTF-8"?>
<!-- Generated by org.testng.reporters.JUnitReportReporter -->
<testsuite skipped="0" hostname="DESKTOP-4BNN8P3" name="SDETExercise.testcases" tests="2" failures="0" timestamp="2020-07-05T12:00:17 IST" time="38.915" errors="0">
  <testcase name="testcase1" time="20.702" classname="SDETExercise.testcases"/>
  <system-out/>
  <testcase name="testcase2" time="18.213" classname="SDETExercise.testcases"/>
  <system-out/>
</testsuite> <!-- SDETExercise.testcases -->
